{
  "RSpec": {
    "coverage": {
      "/Users/whitney/Desktop/turing/4_module/projects/idea_box_2.0/spec/controllers/idea_controller_spec.rb": [
        1,
        null,
        0,
        null,
        0,
        0,
        0,
        0,
        null,
        null,
        0,
        0,
        0,
        0,
        0,
        null,
        null,
        0,
        0,
        0,
        0,
        null,
        0,
        0,
        0,
        0,
        null,
        null,
        0,
        0,
        0,
        null,
        0,
        null,
        0,
        null,
        0,
        0,
        null,
        null,
        null,
        0,
        0,
        null,
        null,
        0,
        0,
        null,
        0,
        0,
        0,
        null,
        0,
        0,
        0,
        0,
        0,
        null,
        null,
        0,
        0,
        null,
        0,
        0,
        0,
        0,
        0,
        null,
        null,
        0,
        null,
        null,
        null,
        null,
        null,
        null
      ],
      "/Users/whitney/Desktop/turing/4_module/projects/idea_box_2.0/spec/rails_helper.rb": [
        null,
        1,
        1,
        null,
        1,
        1,
        1,
        null,
        null,
        null,
        null,
        null,
        null,
        null,
        null,
        null,
        null,
        null,
        null,
        null,
        null,
        null,
        null,
        null,
        null,
        null,
        1,
        null,
        0,
        null,
        0,
        null,
        null,
        null,
        null,
        0,
        null,
        null,
        null,
        null,
        null,
        null,
        null,
        null,
        null,
        null,
        null,
        null,
        null,
        null,
        0,
        null
      ],
      "/Users/whitney/Desktop/turing/4_module/projects/idea_box_2.0/config/environment.rb": [
        null,
        1,
        null,
        null,
        1
      ],
      "/Users/whitney/Desktop/turing/4_module/projects/idea_box_2.0/config/application.rb": [
        1,
        null,
        1,
        null,
        null,
        null,
        1,
        null,
        1,
        1,
        null,
        null,
        null,
        null,
        null,
        null,
        null,
        null,
        null,
        null,
        null,
        null,
        null,
        1,
        null,
        null
      ],
      "/Users/whitney/Desktop/turing/4_module/projects/idea_box_2.0/config/boot.rb": [
        1,
        null,
        1
      ],
      "/Users/whitney/Desktop/turing/4_module/projects/idea_box_2.0/config/environments/test.rb": [
        1,
        null,
        null,
        null,
        null,
        null,
        null,
        1,
        null,
        null,
        null,
        null,
        1,
        null,
        null,
        1,
        1,
        null,
        null,
        1,
        1,
        null,
        null,
        1,
        null,
        null,
        1,
        null,
        null,
        null,
        null,
        1,
        null,
        null,
        1,
        null,
        null,
        1,
        null,
        null,
        null,
        null
      ],
      "/Users/whitney/Desktop/turing/4_module/projects/idea_box_2.0/config/initializers/assets.rb": [
        null,
        null,
        null,
        1,
        null,
        null,
        null,
        null,
        null,
        null,
        null
      ],
      "/Users/whitney/Desktop/turing/4_module/projects/idea_box_2.0/config/initializers/backtrace_silencers.rb": [
        null,
        null,
        null,
        null,
        null,
        null,
        null
      ],
      "/Users/whitney/Desktop/turing/4_module/projects/idea_box_2.0/config/initializers/cookies_serializer.rb": [
        null,
        null,
        1
      ],
      "/Users/whitney/Desktop/turing/4_module/projects/idea_box_2.0/config/initializers/filter_parameter_logging.rb": [
        null,
        null,
        null,
        1
      ],
      "/Users/whitney/Desktop/turing/4_module/projects/idea_box_2.0/config/initializers/inflections.rb": [
        null,
        null,
        null,
        null,
        null,
        null,
        null,
        null,
        null,
        null,
        null,
        null,
        null,
        null,
        null,
        null
      ],
      "/Users/whitney/Desktop/turing/4_module/projects/idea_box_2.0/config/initializers/mime_types.rb": [
        null,
        null,
        null,
        null
      ],
      "/Users/whitney/Desktop/turing/4_module/projects/idea_box_2.0/config/initializers/session_store.rb": [
        null,
        null,
        1
      ],
      "/Users/whitney/Desktop/turing/4_module/projects/idea_box_2.0/config/initializers/wrap_parameters.rb": [
        null,
        null,
        null,
        null,
        null,
        null,
        1,
        1,
        null,
        null,
        null,
        null,
        null,
        null
      ],
      "/Users/whitney/Desktop/turing/4_module/projects/idea_box_2.0/spec/factories/idea.rb": [
        1,
        1,
        1,
        1,
        null,
        null
      ],
      "/Users/whitney/Desktop/turing/4_module/projects/idea_box_2.0/config/routes.rb": [
        1,
        null,
        1,
        null,
        1,
        null,
        null
      ],
      "/Users/whitney/Desktop/turing/4_module/projects/idea_box_2.0/app/helpers/application_helper.rb": [
        1,
        null
      ],
      "/Users/whitney/Desktop/turing/4_module/projects/idea_box_2.0/app/helpers/idea_helper.rb": [
        1,
        null
      ]
    },
    "timestamp": 1440553560
  }
}
